# JRE version: Java(TM) SE Runtime Environment (8.0_111-b14) (build 1.8.0_111-b14)
# Java VM: Java HotSpot(TM) 64-Bit Server VM (25.111-b14 mixed mode bsd-amd64 compressed oops)
Heap:
 PSYoungGen      total 34816K, used 14723K [0x0000000795580000, 0x0000000797b80000, 0x00000007c0000000)
  eden space 30720K, 47% used [0x0000000795580000,0x00000007963c0e88,0x0000000797380000)
  from space 4096K, 3% used [0x0000000797780000,0x00000007977a0000,0x0000000797b80000)
  to   space 4096K, 0% used [0x0000000797380000,0x0000000797380000,0x0000000797780000)
 ParOldGen       total 87552K, used 25229K [0x0000000740000000, 0x0000000745580000, 0x0000000795580000)
  object space 87552K, 28% used [0x0000000740000000,0x00000007418a3608,0x0000000745580000)
 Metaspace       used 9576K, capacity 9894K, committed 10112K, reserved 1058816K
  class space    used 1212K, capacity 1303K, committed 1408K, reserved 1048576K
GC Heap History (10 events):
Event: 1740.114 GC heap before
{Heap before GC invocations=136 (full 0):
 PSYoungGen      total 24064K, used 24021K [0x0000000795580000, 0x0000000796f00000, 0x00000007c0000000)
  eden space 22016K, 100% used [0x0000000795580000,0x0000000796b00000,0x0000000796b00000)
  from space 2048K, 97% used [0x0000000796b00000,0x0000000796cf57f8,0x0000000796d00000)
  to   space 2048K, 0% used [0x0000000796d00000,0x0000000796d00000,0x0000000796f00000)
 ParOldGen       total 87552K, used 17633K [0x0000000740000000, 0x0000000745580000, 0x0000000795580000)
  object space 87552K, 20% used [0x0000000740000000,0x0000000741138770,0x0000000745580000)
 Metaspace       used 9576K, capacity 9894K, committed 10112K, reserved 1058816K
  class space    used 1212K, capacity 1303K, committed 1408K, reserved 1048576K
Event: 1740.116 GC heap after
Heap after GC invocations=136 (full 0):
 PSYoungGen      total 23552K, used 1949K [0x0000000795580000, 0x0000000797480000, 0x00000007c0000000)
  eden space 21504K, 0% used [0x0000000795580000,0x0000000795580000,0x0000000796a80000)
  from space 2048K, 95% used [0x0000000796d00000,0x0000000796ee75d8,0x0000000796f00000)
  to   space 2560K, 0% used [0x0000000796a80000,0x0000000796a80000,0x0000000796d00000)
 ParOldGen       total 87552K, used 18847K [0x0000000740000000, 0x0000000745580000, 0x0000000795580000)
  object space 87552K, 21% used [0x0000000740000000,0x0000000741267f58,0x0000000745580000)
 Metaspace       used 9576K, capacity 9894K, committed 10112K, reserved 1058816K
  class space    used 1212K, capacity 1303K, committed 1408K, reserved 1048576K
}
Event: 1740.135 GC heap before
{Heap before GC invocations=137 (full 0):
 PSYoungGen      total 23552K, used 23453K [0x0000000795580000, 0x0000000797480000, 0x00000007c0000000)
  eden space 21504K, 100% used [0x0000000795580000,0x0000000796a80000,0x0000000796a80000)
  from space 2048K, 95% used [0x0000000796d00000,0x0000000796ee75d8,0x0000000796f00000)
  to   space 2560K, 0% used [0x0000000796a80000,0x0000000796a80000,0x0000000796d00000)
 ParOldGen       total 87552K, used 18847K [0x0000000740000000, 0x0000000745580000, 0x0000000795580000)
  object space 87552K, 21% used [0x0000000740000000,0x0000000741267f58,0x0000000745580000)
 Metaspace       used 9576K, capacity 9894K, committed 10112K, reserved 1058816K
  class space    used 1212K, capacity 1303K, committed 1408K, reserved 1048576K
Event: 1740.137 GC heap after
Heap after GC invocations=137 (full 0):
 PSYoungGen      total 24064K, used 96K [0x0000000795580000, 0x0000000797400000, 0x00000007c0000000)
  eden space 21504K, 0% used [0x0000000795580000,0x0000000795580000,0x0000000796a80000)
  from space 2560K, 3% used [0x0000000796a80000,0x0000000796a98000,0x0000000796d00000)
  to   space 2560K, 0% used [0x0000000797180000,0x0000000797180000,0x0000000797400000)
 ParOldGen       total 87552K, used 20717K [0x0000000740000000, 0x0000000745580000, 0x0000000795580000)
  object space 87552K, 23% used [0x0000000740000000,0x000000074143b530,0x0000000745580000)
 Metaspace       used 9576K, capacity 9894K, committed 10112K, reserved 1058816K
  class space    used 1212K, capacity 1303K, committed 1408K, reserved 1048576K
}
Event: 1740.247 GC heap before
{Heap before GC invocations=138 (full 0):
 PSYoungGen      total 24064K, used 20039K [0x0000000795580000, 0x0000000797400000, 0x00000007c0000000)
  eden space 21504K, 92% used [0x0000000795580000,0x00000007968f9fd0,0x0000000796a80000)
  from space 2560K, 3% used [0x0000000796a80000,0x0000000796a98000,0x0000000796d00000)
  to   space 2560K, 0% used [0x0000000797180000,0x0000000797180000,0x0000000797400000)
 ParOldGen       total 87552K, used 20717K [0x0000000740000000, 0x0000000745580000, 0x0000000795580000)
  object space 87552K, 23% used [0x0000000740000000,0x000000074143b530,0x0000000745580000)
 Metaspace       used 9576K, capacity 9894K, committed 10112K, reserved 1058816K
  class space    used 1212K, capacity 1303K, committed 1408K, reserved 1048576K
Event: 1740.249 GC heap after
Heap after GC invocations=138 (full 0):
 PSYoungGen      total 28160K, used 2517K [0x0000000795580000, 0x0000000797500000, 0x00000007c0000000)
  eden space 25600K, 0% used [0x0000000795580000,0x0000000795580000,0x0000000796e80000)
  from space 2560K, 98% used [0x0000000797180000,0x00000007973f5768,0x0000000797400000)
  to   space 3072K, 0% used [0x0000000796e80000,0x0000000796e80000,0x0000000797180000)
 ParOldGen       total 87552K, used 20733K [0x0000000740000000, 0x0000000745580000, 0x0000000795580000)
  object space 87552K, 23% used [0x0000000740000000,0x000000074143f530,0x0000000745580000)
 Metaspace       used 9576K, capacity 9894K, committed 10112K, reserved 1058816K
  class space    used 1212K, capacity 1303K, committed 1408K, reserved 1048576K
}
Event: 1740.274 GC heap before
{Heap before GC invocations=139 (full 0):
 PSYoungGen      total 28160K, used 28117K [0x0000000795580000, 0x0000000797500000, 0x00000007c0000000)
  eden space 25600K, 100% used [0x0000000795580000,0x0000000796e80000,0x0000000796e80000)
  from space 2560K, 98% used [0x0000000797180000,0x00000007973f5768,0x0000000797400000)
  to   space 3072K, 0% used [0x0000000796e80000,0x0000000796e80000,0x0000000797180000)
 ParOldGen       total 87552K, used 20733K [0x0000000740000000, 0x0000000745580000, 0x0000000795580000)
  object space 87552K, 23% used [0x0000000740000000,0x000000074143f530,0x0000000745580000)
 Metaspace       used 9576K, capacity 9894K, committed 10112K, reserved 1058816K
  class space    used 1212K, capacity 1303K, committed 1408K, reserved 1048576K
Event: 1740.276 GC heap after
Heap after GC invocations=139 (full 0):
 PSYoungGen      total 28672K, used 3066K [0x0000000795580000, 0x0000000797b80000, 0x00000007c0000000)
  eden space 25600K, 0% used [0x0000000795580000,0x0000000795580000,0x0000000796e80000)
  from space 3072K, 99% used [0x0000000796e80000,0x000000079717e950,0x0000000797180000)
  to   space 4096K, 0% used [0x0000000797780000,0x0000000797780000,0x0000000797b80000)
 ParOldGen       total 87552K, used 22171K [0x0000000740000000, 0x0000000745580000, 0x0000000795580000)
  object space 87552K, 25% used [0x0000000740000000,0x00000007415a6cb8,0x0000000745580000)
 Metaspace       used 9576K, capacity 9894K, committed 10112K, reserved 1058816K
  class space    used 1212K, capacity 1303K, committed 1408K, reserved 1048576K
}
Event: 1740.302 GC heap before
{Heap before GC invocations=140 (full 0):
 PSYoungGen      total 28672K, used 28666K [0x0000000795580000, 0x0000000797b80000, 0x00000007c0000000)
  eden space 25600K, 100% used [0x0000000795580000,0x0000000796e80000,0x0000000796e80000)
  from space 3072K, 99% used [0x0000000796e80000,0x000000079717e950,0x0000000797180000)
  to   space 4096K, 0% used [0x0000000797780000,0x0000000797780000,0x0000000797b80000)
 ParOldGen       total 87552K, used 22171K [0x0000000740000000, 0x0000000745580000, 0x0000000795580000)
  object space 87552K, 25% used [0x0000000740000000,0x00000007415a6cb8,0x0000000745580000)
 Metaspace       used 9576K, capacity 9894K, committed 10112K, reserved 1058816K
  class space    used 1212K, capacity 1303K, committed 1408K, reserved 1048576K
Event: 1740.304 GC heap after
Heap after GC invocations=140 (full 0):
 PSYoungGen      total 34816K, used 128K [0x0000000795580000, 0x0000000797b80000, 0x00000007c0000000)
  eden space 30720K, 0% used [0x0000000795580000,0x0000000795580000,0x0000000797380000)
  from space 4096K, 3% used [0x0000000797780000,0x00000007977a0000,0x0000000797b80000)
  to   space 4096K, 0% used [0x0000000797380000,0x0000000797380000,0x0000000797780000)
 ParOldGen       total 87552K, used 25229K [0x0000000740000000, 0x0000000745580000, 0x0000000795580000)
  object space 87552K, 28% used [0x0000000740000000,0x00000007418a3608,0x0000000745580000)
 Metaspace       used 9576K, capacity 9894K, committed 10112K, reserved 1058816K
  class space    used 1212K, capacity 1303K, committed 1408K, reserved 1048576K
}

