# JRE version: Java(TM) SE Runtime Environment (8.0_111-b14) (build 1.8.0_111-b14)
# Java VM: Java HotSpot(TM) 64-Bit Server VM (25.111-b14 mixed mode bsd-amd64 compressed oops)
Heap:
 PSYoungGen      total 160256K, used 58885K [0x0000000795580000, 0x000000079f900000, 0x00000007c0000000)
  eden space 155136K, 36% used [0x0000000795580000,0x0000000798c91400,0x000000079ed00000)
  from space 5120K, 48% used [0x000000079f400000,0x000000079f670010,0x000000079f900000)
  to   space 6144K, 0% used [0x000000079ed00000,0x000000079ed00000,0x000000079f300000)
 ParOldGen       total 114688K, used 66831K [0x0000000740000000, 0x0000000747000000, 0x0000000795580000)
  object space 114688K, 58% used [0x0000000740000000,0x0000000744143ee8,0x0000000747000000)
 Metaspace       used 9400K, capacity 9648K, committed 9856K, reserved 1058816K
  class space    used 1207K, capacity 1300K, committed 1408K, reserved 1048576K
GC Heap History (10 events):
Event: 197.918 GC heap before
{Heap before GC invocations=26 (full 1):
 PSYoungGen      total 111616K, used 824K [0x0000000795580000, 0x000000079e780000, 0x00000007c0000000)
  eden space 105472K, 0% used [0x0000000795580000,0x0000000795580000,0x000000079bc80000)
  from space 6144K, 13% used [0x000000079bc80000,0x000000079bd4e010,0x000000079c280000)
  to   space 6144K, 0% used [0x000000079e180000,0x000000079e180000,0x000000079e780000)
 ParOldGen       total 87552K, used 75635K [0x0000000740000000, 0x0000000745580000, 0x0000000795580000)
  object space 87552K, 86% used [0x0000000740000000,0x00000007449dcd18,0x0000000745580000)
 Metaspace       used 9392K, capacity 9648K, committed 9856K, reserved 1058816K
  class space    used 1206K, capacity 1300K, committed 1408K, reserved 1048576K
Event: 197.946 GC heap after
Heap after GC invocations=26 (full 1):
 PSYoungGen      total 111616K, used 0K [0x0000000795580000, 0x000000079e780000, 0x00000007c0000000)
  eden space 105472K, 0% used [0x0000000795580000,0x0000000795580000,0x000000079bc80000)
  from space 6144K, 0% used [0x000000079bc80000,0x000000079bc80000,0x000000079c280000)
  to   space 6144K, 0% used [0x000000079e180000,0x000000079e180000,0x000000079e780000)
 ParOldGen       total 86016K, used 36027K [0x0000000740000000, 0x0000000745400000, 0x0000000795580000)
  object space 86016K, 41% used [0x0000000740000000,0x000000074232edc0,0x0000000745400000)
 Metaspace       used 9392K, capacity 9648K, committed 9856K, reserved 1058816K
  class space    used 1206K, capacity 1300K, committed 1408K, reserved 1048576K
}
Event: 198.051 GC heap before
{Heap before GC invocations=27 (full 1):
 PSYoungGen      total 111616K, used 97749K [0x0000000795580000, 0x000000079e780000, 0x00000007c0000000)
  eden space 105472K, 92% used [0x0000000795580000,0x000000079b4f5668,0x000000079bc80000)
  from space 6144K, 0% used [0x000000079bc80000,0x000000079bc80000,0x000000079c280000)
  to   space 6144K, 0% used [0x000000079e180000,0x000000079e180000,0x000000079e780000)
 ParOldGen       total 86016K, used 36027K [0x0000000740000000, 0x0000000745400000, 0x0000000795580000)
  object space 86016K, 41% used [0x0000000740000000,0x000000074232edc0,0x0000000745400000)
 Metaspace       used 9392K, capacity 9648K, committed 9856K, reserved 1058816K
  class space    used 1206K, capacity 1300K, committed 1408K, reserved 1048576K
Event: 198.057 GC heap after
Heap after GC invocations=27 (full 1):
 PSYoungGen      total 142848K, used 4640K [0x0000000795580000, 0x000000079e880000, 0x00000007c0000000)
  eden space 136704K, 0% used [0x0000000795580000,0x0000000795580000,0x000000079db00000)
  from space 6144K, 75% used [0x000000079e180000,0x000000079e608010,0x000000079e780000)
  to   space 6656K, 0% used [0x000000079db00000,0x000000079db00000,0x000000079e180000)
 ParOldGen       total 86016K, used 63220K [0x0000000740000000, 0x0000000745400000, 0x0000000795580000)
  object space 86016K, 73% used [0x0000000740000000,0x0000000743dbd270,0x0000000745400000)
 Metaspace       used 9392K, capacity 9648K, committed 9856K, reserved 1058816K
  class space    used 1206K, capacity 1300K, committed 1408K, reserved 1048576K
}
Event: 198.057 GC heap before
{Heap before GC invocations=28 (full 2):
 PSYoungGen      total 142848K, used 4640K [0x0000000795580000, 0x000000079e880000, 0x00000007c0000000)
  eden space 136704K, 0% used [0x0000000795580000,0x0000000795580000,0x000000079db00000)
  from space 6144K, 75% used [0x000000079e180000,0x000000079e608010,0x000000079e780000)
  to   space 6656K, 0% used [0x000000079db00000,0x000000079db00000,0x000000079e180000)
 ParOldGen       total 86016K, used 63220K [0x0000000740000000, 0x0000000745400000, 0x0000000795580000)
  object space 86016K, 73% used [0x0000000740000000,0x0000000743dbd270,0x0000000745400000)
 Metaspace       used 9392K, capacity 9648K, committed 9856K, reserved 1058816K
  class space    used 1206K, capacity 1300K, committed 1408K, reserved 1048576K
Event: 198.072 GC heap after
Heap after GC invocations=28 (full 2):
 PSYoungGen      total 142848K, used 0K [0x0000000795580000, 0x000000079e880000, 0x00000007c0000000)
  eden space 136704K, 0% used [0x0000000795580000,0x0000000795580000,0x000000079db00000)
  from space 6144K, 0% used [0x000000079e180000,0x000000079e180000,0x000000079e780000)
  to   space 6656K, 0% used [0x000000079db00000,0x000000079db00000,0x000000079e180000)
 ParOldGen       total 114688K, used 40374K [0x0000000740000000, 0x0000000747000000, 0x0000000795580000)
  object space 114688K, 35% used [0x0000000740000000,0x000000074276d938,0x0000000747000000)
 Metaspace       used 9392K, capacity 9648K, committed 9856K, reserved 1058816K
  class space    used 1206K, capacity 1300K, committed 1408K, reserved 1048576K
}
Event: 198.227 GC heap before
{Heap before GC invocations=29 (full 2):
 PSYoungGen      total 142848K, used 136704K [0x0000000795580000, 0x000000079e880000, 0x00000007c0000000)
  eden space 136704K, 100% used [0x0000000795580000,0x000000079db00000,0x000000079db00000)
  from space 6144K, 0% used [0x000000079e180000,0x000000079e180000,0x000000079e780000)
  to   space 6656K, 0% used [0x000000079db00000,0x000000079db00000,0x000000079e180000)
 ParOldGen       total 114688K, used 40374K [0x0000000740000000, 0x0000000747000000, 0x0000000795580000)
  object space 114688K, 35% used [0x0000000740000000,0x000000074276d938,0x0000000747000000)
 Metaspace       used 9392K, capacity 9648K, committed 9856K, reserved 1058816K
  class space    used 1206K, capacity 1300K, committed 1408K, reserved 1048576K
Event: 198.232 GC heap after
Heap after GC invocations=29 (full 2):
 PSYoungGen      total 143360K, used 1824K [0x0000000795580000, 0x000000079fa00000, 0x00000007c0000000)
  eden space 136704K, 0% used [0x0000000795580000,0x0000000795580000,0x000000079db00000)
  from space 6656K, 27% used [0x000000079db00000,0x000000079dcc8010,0x000000079e180000)
  to   space 6144K, 0% used [0x000000079f400000,0x000000079f400000,0x000000079fa00000)
 ParOldGen       total 114688K, used 66831K [0x0000000740000000, 0x0000000747000000, 0x0000000795580000)
  object space 114688K, 58% used [0x0000000740000000,0x0000000744143ee8,0x0000000747000000)
 Metaspace       used 9392K, capacity 9648K, committed 9856K, reserved 1058816K
  class space    used 1206K, capacity 1300K, committed 1408K, reserved 1048576K
}
Event: 198.392 GC heap before
{Heap before GC invocations=30 (full 2):
 PSYoungGen      total 143360K, used 138528K [0x0000000795580000, 0x000000079fa00000, 0x00000007c0000000)
  eden space 136704K, 100% used [0x0000000795580000,0x000000079db00000,0x000000079db00000)
  from space 6656K, 27% used [0x000000079db00000,0x000000079dcc8010,0x000000079e180000)
  to   space 6144K, 0% used [0x000000079f400000,0x000000079f400000,0x000000079fa00000)
 ParOldGen       total 114688K, used 66831K [0x0000000740000000, 0x0000000747000000, 0x0000000795580000)
  object space 114688K, 58% used [0x0000000740000000,0x0000000744143ee8,0x0000000747000000)
 Metaspace       used 9392K, capacity 9648K, committed 9856K, reserved 1058816K
  class space    used 1206K, capacity 1300K, committed 1408K, reserved 1048576K
Event: 198.397 GC heap after
Heap after GC invocations=30 (full 2):
 PSYoungGen      total 160256K, used 2496K [0x0000000795580000, 0x000000079f900000, 0x00000007c0000000)
  eden space 155136K, 0% used [0x0000000795580000,0x0000000795580000,0x000000079ed00000)
  from space 5120K, 48% used [0x000000079f400000,0x000000079f670010,0x000000079f900000)
  to   space 6144K, 0% used [0x000000079ed00000,0x000000079ed00000,0x000000079f300000)
 ParOldGen       total 114688K, used 66831K [0x0000000740000000, 0x0000000747000000, 0x0000000795580000)
  object space 114688K, 58% used [0x0000000740000000,0x0000000744143ee8,0x0000000747000000)
 Metaspace       used 9392K, capacity 9648K, committed 9856K, reserved 1058816K
  class space    used 1206K, capacity 1300K, committed 1408K, reserved 1048576K
}

